#
# There is insufficient memory for the Java Runtime Environment to continue.
# Native memory allocation (malloc) failed to allocate 32744 bytes. Error detail: Chunk::new
# Possible reasons:
#   The system is out of physical RAM or swap space
#   This process is running with CompressedOops enabled, and the Java Heap may be blocking the growth of the native heap
# Possible solutions:
#   Reduce memory load on the system
#   Increase physical memory or swap space
#   Check if swap backing store is full
#   Decrease Java heap size (-Xmx/-Xms)
#   Decrease number of Java threads
#   Decrease Java thread stack sizes (-Xss)
#   Set larger code cache with -XX:ReservedCodeCacheSize=
#   JVM is running with Zero Based Compressed Oops mode in which the Java heap is
#     placed in the first 32GB address space. The Java Heap base address is the
#     maximum limit for the native heap growth. Please use -XX:HeapBaseMinAddress
#     to set the Java Heap base and to place the Java Heap above 32GB virtual address.
# This output file may be truncated or incomplete.
#
#  Out of Memory Error (arena.cpp:150), pid=19496, tid=27508
#
# JRE version: OpenJDK Runtime Environment (22.0.1+8) (build 22.0.1+8-16)
# Java VM: OpenJDK 64-Bit Server VM (22.0.1+8-16, mixed mode, sharing, tiered, compressed oops, compressed class ptrs, g1 gc, windows-amd64)
# No core dump will be written. Minidumps are not enabled by default on client versions of Windows
#

---------------  S U M M A R Y ------------

Command Line: -javaagent:C:\Program Files\JetBrains\IntelliJ IDEA Community Edition 2024.1.1\lib\idea_rt.jar=58833:C:\Program Files\JetBrains\IntelliJ IDEA Community Edition 2024.1.1\bin -Dfile.encoding=UTF-8 -Dsun.stdout.encoding=UTF-8 -Dsun.stderr.encoding=UTF-8 com.project.happyevents.Try2Application

Host: Intel(R) Core(TM) i5-10210U CPU @ 1.60GHz, 8 cores, 19G,  Windows 10 , 64 bit Build 19041 (10.0.19041.3636)
Time: Fri May 24 14:55:26 2024 India Standard Time elapsed time: 2.595987 seconds (0d 0h 0m 2s)

---------------  T H R E A D  ---------------

Current thread (0x000001f3fd138360):  JavaThread "C1 CompilerThread0" daemon [_thread_in_native, id=27508, stack(0x00000088c9900000,0x00000088c9a00000) (1024K)]


Current CompileTask:
C1:2596 3016       3       org.springframework.asm.ClassReader::accept (1401 bytes)

Stack: [0x00000088c9900000,0x00000088c9a00000]
Native frames: (J=compiled Java code, j=interpreted, Vv=VM code, C=native code)
V  [jvm.dll+0x6e2279]  (no source info available)
V  [jvm.dll+0x874e33]  (no source info available)
V  [jvm.dll+0x87725e]  (no source info available)
V  [jvm.dll+0x877933]  (no source info available)
V  [jvm.dll+0x27fd76]  (no source info available)
V  [jvm.dll+0xc3d0f]  (no source info available)
V  [jvm.dll+0xc3f6b]  (no source info available)
V  [jvm.dll+0x17c610]  (no source info available)
V  [jvm.dll+0x18785f]  (no source info available)
V  [jvm.dll+0x182b0f]  (no source info available)
V  [jvm.dll+0x17d2ae]  (no source info available)
V  [jvm.dll+0x16b3b0]  (no source info available)
V  [jvm.dll+0x153d92]  (no source info available)
V  [jvm.dll+0x1535c3]  (no source info available)
V  [jvm.dll+0x1538a0]  (no source info available)
V  [jvm.dll+0x152c1d]  (no source info available)
V  [jvm.dll+0x154add]  (no source info available)
V  [jvm.dll+0x2569fe]  (no source info available)
V  [jvm.dll+0x254cba]  (no source info available)
V  [jvm.dll+0x3f5336]  (no source info available)
V  [jvm.dll+0x81d44b]  (no source info available)
V  [jvm.dll+0x6e0915]  (no source info available)
C  [ucrtbase.dll+0x21bb2]  (no source info available)
C  [KERNEL32.DLL+0x17344]  (no source info available)
C  [ntdll.dll+0x526b1]  (no source info available)


---------------  P R O C E S S  ---------------

Threads class SMR info:
_java_thread_list=0x000001f3d60b5010, length=16, elements={
0x000001f3ebd73b60, 0x000001f3fd11acc0, 0x000001f3fd11dda0, 0x000001f3fd121d40,
0x000001f3fd125a70, 0x000001f3fd126680, 0x000001f3fd1292a0, 0x000001f3fd12d6e0,
0x000001f3fd138360, 0x000001f3d41b7fa0, 0x000001f3d42db930, 0x000001f3d45ab9c0,
0x000001f3d4522530, 0x000001f3d49fdb50, 0x000001f3d4ae9040, 0x000001f3d54764f0
}

Java Threads: ( => current thread )
  0x000001f3ebd73b60 JavaThread "main"                              [_thread_blocked, id=21616, stack(0x00000088c8a00000,0x00000088c8b00000) (1024K)]
  0x000001f3fd11acc0 JavaThread "Reference Handler"          daemon [_thread_blocked, id=20392, stack(0x00000088c9200000,0x00000088c9300000) (1024K)]
  0x000001f3fd11dda0 JavaThread "Finalizer"                  daemon [_thread_blocked, id=22932, stack(0x00000088c9300000,0x00000088c9400000) (1024K)]
  0x000001f3fd121d40 JavaThread "Signal Dispatcher"          daemon [_thread_blocked, id=22848, stack(0x00000088c9400000,0x00000088c9500000) (1024K)]
  0x000001f3fd125a70 JavaThread "Attach Listener"            daemon [_thread_blocked, id=11496, stack(0x00000088c9500000,0x00000088c9600000) (1024K)]
  0x000001f3fd126680 JavaThread "Service Thread"             daemon [_thread_blocked, id=8984, stack(0x00000088c9600000,0x00000088c9700000) (1024K)]
  0x000001f3fd1292a0 JavaThread "Monitor Deflation Thread"   daemon [_thread_blocked, id=15900, stack(0x00000088c9700000,0x00000088c9800000) (1024K)]
  0x000001f3fd12d6e0 JavaThread "C2 CompilerThread0"         daemon [_thread_in_native, id=22564, stack(0x00000088c9800000,0x00000088c9900000) (1024K)]
=>0x000001f3fd138360 JavaThread "C1 CompilerThread0"         daemon [_thread_in_native, id=27508, stack(0x00000088c9900000,0x00000088c9a00000) (1024K)]
  0x000001f3d41b7fa0 JavaThread "Common-Cleaner"             daemon [_thread_blocked, id=25292, stack(0x00000088c9a00000,0x00000088c9b00000) (1024K)]
  0x000001f3d42db930 JavaThread "C2 CompilerThread1"         daemon [_thread_in_native, id=15500, stack(0x00000088c9b00000,0x00000088c9c00000) (1024K)]
  0x000001f3d45ab9c0 JavaThread "Monitor Ctrl-Break"         daemon [_thread_in_native, id=24112, stack(0x00000088c9c00000,0x00000088c9d00000) (1024K)]
  0x000001f3d4522530 JavaThread "Notification Thread"        daemon [_thread_blocked, id=13488, stack(0x00000088c9d00000,0x00000088c9e00000) (1024K)]
  0x000001f3d49fdb50 JavaThread "Thread-0"                          [_thread_blocked, id=6456, stack(0x00000088ca500000,0x00000088ca600000) (1024K)]
  0x000001f3d4ae9040 JavaThread "restartedMain"                     [_thread_in_Java, id=16408, stack(0x00000088ca600000,0x00000088ca700000) (1024K)]
  0x000001f3d54764f0 JavaThread "C2 CompilerThread2"         daemon [_thread_in_native, id=2912, stack(0x00000088ca400000,0x00000088ca500000) (1024K)]
Total: 16

Other Threads:
  0x000001f3fd0fc600 VMThread "VM Thread"                           [id=20788, stack(0x00000088c9100000,0x00000088c9200000) (1024K)]
  0x000001f3fd0e71b0 WatcherThread "VM Periodic Task Thread"        [id=15484, stack(0x00000088c9000000,0x00000088c9100000) (1024K)]
  0x000001f3ebde7b80 WorkerThread "GC Thread#0"                     [id=4676, stack(0x00000088c8b00000,0x00000088c8c00000) (1024K)]
  0x000001f3d510b160 WorkerThread "GC Thread#1"                     [id=7292, stack(0x00000088c9e00000,0x00000088c9f00000) (1024K)]
  0x000001f3d510b510 WorkerThread "GC Thread#2"                     [id=13844, stack(0x00000088c9f00000,0x00000088ca000000) (1024K)]
  0x000001f3d5086a90 WorkerThread "GC Thread#3"                     [id=6116, stack(0x00000088ca000000,0x00000088ca100000) (1024K)]
  0x000001f3d510bcc0 WorkerThread "GC Thread#4"                     [id=8460, stack(0x00000088ca100000,0x00000088ca200000) (1024K)]
  0x000001f3d4c17ca0 WorkerThread "GC Thread#5"                     [id=21020, stack(0x00000088ca200000,0x00000088ca300000) (1024K)]
  0x000001f3d4a00300 WorkerThread "GC Thread#6"                     [id=23444, stack(0x00000088ca300000,0x00000088ca400000) (1024K)]
  0x000001f3d52f6b00 WorkerThread "GC Thread#7"                     [id=18336, stack(0x00000088ca800000,0x00000088ca900000) (1024K)]
  0x000001f3ebdf3a90 ConcurrentGCThread "G1 Main Marker"            [id=20140, stack(0x00000088c8c00000,0x00000088c8d00000) (1024K)]
  0x000001f3ebdf4c50 WorkerThread "G1 Conc#0"                       [id=880, stack(0x00000088c8d00000,0x00000088c8e00000) (1024K)]
  0x000001f3ebe2e7f0 ConcurrentGCThread "G1 Refine#0"               [id=21684, stack(0x00000088c8e00000,0x00000088c8f00000) (1024K)]
  0x000001f3fcfb6ab0 ConcurrentGCThread "G1 Service"                [id=8368, stack(0x00000088c8f00000,0x00000088c9000000) (1024K)]
Total: 14

Threads with active compile tasks:
C2 CompilerThread0  2621 2562       4       java.lang.invoke.MethodType::methodType (69 bytes)
C1 CompilerThread0  2621 3016       3       org.springframework.asm.ClassReader::accept (1401 bytes)
C2 CompilerThread1  2621 2914   !   4       jdk.internal.loader.BuiltinClassLoader::loadClassOrNull (143 bytes)
C2 CompilerThread2  2621 2561       4       java.lang.invoke.MethodType::makeImpl (109 bytes)
Total: 4

VM state: not at safepoint (normal execution)

VM Mutex/Monitor currently owned by a thread: None

Heap address: 0x00000006c3400000, size: 5068 MB, Compressed Oops mode: Zero based, Oop shift amount: 3

CDS archive(s) mapped at: [0x000001f38f000000-0x000001f38fc50000-0x000001f38fc50000), size 12910592, SharedBaseAddress: 0x000001f38f000000, ArchiveRelocationMode: 1.
Compressed class space mapped at: 0x000001f390000000-0x000001f3d0000000, reserved size: 1073741824
Narrow klass base: 0x000001f38f000000, Narrow klass shift: 0, Narrow klass range: 0x41000000

GC Precious Log:
 CardTable entry size: 512
 Card Set container configuration: InlinePtr #cards 4 size 8 Array Of Cards #cards 32 size 80 Howl #buckets 8 coarsen threshold 7372 Howl Bitmap #cards 1024 size 144 coarsen threshold 921 Card regions per heap region 1 cards per card region 8192
 CPUs: 8 total, 8 available
 Memory: 20264M
 Large Page Support: Disabled
 NUMA Support: Disabled
 Compressed Oops: Enabled (Zero based)
 Heap Region Size: 4M
 Heap Min Capacity: 8M
 Heap Initial Capacity: 320M
 Heap Max Capacity: 5068M
 Pre-touch: Disabled
 Parallel Workers: 8
 Concurrent Workers: 2
 Concurrent Refinement Workers: 8
 Periodic GC: Disabled

Heap:
 garbage-first heap   total reserved 5189632K, committed 327680K, used 59171K [0x00000006c3400000, 0x0000000800000000)
  region size 4096K, 14 young (57344K), 1 survivors (4096K)
 Metaspace       used 20757K, committed 21056K, reserved 1114112K
  class space    used 2476K, committed 2624K, reserved 1048576K

Heap Regions: E=young(eden), S=young(survivor), O=old, HS=humongous(starts), HC=humongous(continues), CS=collection set, F=free, TAMS=top-at-mark-start, PB=parsable bottom
|   0|0x00000006c3400000, 0x00000006c3800000, 0x00000006c3800000|100%| O|  |TAMS 0x00000006c3400000| PB 0x00000006c3400000| Untracked |  0
|   1|0x00000006c3800000, 0x00000006c3b336f0, 0x00000006c3c00000| 80%| O|  |TAMS 0x00000006c3800000| PB 0x00000006c3800000| Untracked |  0
|   2|0x00000006c3c00000, 0x00000006c3c00000, 0x00000006c4000000|  0%| F|  |TAMS 0x00000006c3c00000| PB 0x00000006c3c00000| Untracked |  0
|   3|0x00000006c4000000, 0x00000006c4000000, 0x00000006c4400000|  0%| F|  |TAMS 0x00000006c4000000| PB 0x00000006c4000000| Untracked |  0
|   4|0x00000006c4400000, 0x00000006c4400000, 0x00000006c4800000|  0%| F|  |TAMS 0x00000006c4400000| PB 0x00000006c4400000| Untracked |  0
|   5|0x00000006c4800000, 0x00000006c4800000, 0x00000006c4c00000|  0%| F|  |TAMS 0x00000006c4800000| PB 0x00000006c4800000| Untracked |  0
|   6|0x00000006c4c00000, 0x00000006c4c00000, 0x00000006c5000000|  0%| F|  |TAMS 0x00000006c4c00000| PB 0x00000006c4c00000| Untracked |  0
|   7|0x00000006c5000000, 0x00000006c5000000, 0x00000006c5400000|  0%| F|  |TAMS 0x00000006c5000000| PB 0x00000006c5000000| Untracked |  0
|   8|0x00000006c5400000, 0x00000006c5400000, 0x00000006c5800000|  0%| F|  |TAMS 0x00000006c5400000| PB 0x00000006c5400000| Untracked |  0
|   9|0x00000006c5800000, 0x00000006c5800000, 0x00000006c5c00000|  0%| F|  |TAMS 0x00000006c5800000| PB 0x00000006c5800000| Untracked |  0
|  10|0x00000006c5c00000, 0x00000006c5c00000, 0x00000006c6000000|  0%| F|  |TAMS 0x00000006c5c00000| PB 0x00000006c5c00000| Untracked |  0
|  11|0x00000006c6000000, 0x00000006c6000000, 0x00000006c6400000|  0%| F|  |TAMS 0x00000006c6000000| PB 0x00000006c6000000| Untracked |  0
|  12|0x00000006c6400000, 0x00000006c6400000, 0x00000006c6800000|  0%| F|  |TAMS 0x00000006c6400000| PB 0x00000006c6400000| Untracked |  0
|  13|0x00000006c6800000, 0x00000006c6800000, 0x00000006c6c00000|  0%| F|  |TAMS 0x00000006c6800000| PB 0x00000006c6800000| Untracked |  0
|  14|0x00000006c6c00000, 0x00000006c6c00000, 0x00000006c7000000|  0%| F|  |TAMS 0x00000006c6c00000| PB 0x00000006c6c00000| Untracked |  0
|  15|0x00000006c7000000, 0x00000006c7000000, 0x00000006c7400000|  0%| F|  |TAMS 0x00000006c7000000| PB 0x00000006c7000000| Untracked |  0
|  16|0x00000006c7400000, 0x00000006c7400000, 0x00000006c7800000|  0%| F|  |TAMS 0x00000006c7400000| PB 0x00000006c7400000| Untracked |  0
|  17|0x00000006c7800000, 0x00000006c7800000, 0x00000006c7c00000|  0%| F|  |TAMS 0x00000006c7800000| PB 0x00000006c7800000| Untracked |  0
|  18|0x00000006c7c00000, 0x00000006c7c00000, 0x00000006c8000000|  0%| F|  |TAMS 0x00000006c7c00000| PB 0x00000006c7c00000| Untracked |  0
|  19|0x00000006c8000000, 0x00000006c8000000, 0x00000006c8400000|  0%| F|  |TAMS 0x00000006c8000000| PB 0x00000006c8000000| Untracked |  0
|  20|0x00000006c8400000, 0x00000006c8400000, 0x00000006c8800000|  0%| F|  |TAMS 0x00000006c8400000| PB 0x00000006c8400000| Untracked |  0
|  21|0x00000006c8800000, 0x00000006c8800000, 0x00000006c8c00000|  0%| F|  |TAMS 0x00000006c8800000| PB 0x00000006c8800000| Untracked |  0
|  22|0x00000006c8c00000, 0x00000006c8c00000, 0x00000006c9000000|  0%| F|  |TAMS 0x00000006c8c00000| PB 0x00000006c8c00000| Untracked |  0
|  23|0x00000006c9000000, 0x00000006c9000000, 0x00000006c9400000|  0%| F|  |TAMS 0x00000006c9000000| PB 0x00000006c9000000| Untracked |  0
|  24|0x00000006c9400000, 0x00000006c9400000, 0x00000006c9800000|  0%| F|  |TAMS 0x00000006c9400000| PB 0x00000006c9400000| Untracked |  0
|  25|0x00000006c9800000, 0x00000006c9800000, 0x00000006c9c00000|  0%| F|  |TAMS 0x00000006c9800000| PB 0x00000006c9800000| Untracked |  0
|  26|0x00000006c9c00000, 0x00000006c9c00000, 0x00000006ca000000|  0%| F|  |TAMS 0x00000006c9c00000| PB 0x00000006c9c00000| Untracked |  0
|  27|0x00000006ca000000, 0x00000006ca000000, 0x00000006ca400000|  0%| F|  |TAMS 0x00000006ca000000| PB 0x00000006ca000000| Untracked |  0
|  28|0x00000006ca400000, 0x00000006ca400000, 0x00000006ca800000|  0%| F|  |TAMS 0x00000006ca400000| PB 0x00000006ca400000| Untracked |  0
|  29|0x00000006ca800000, 0x00000006ca800000, 0x00000006cac00000|  0%| F|  |TAMS 0x00000006ca800000| PB 0x00000006ca800000| Untracked |  0
|  30|0x00000006cac00000, 0x00000006cac00000, 0x00000006cb000000|  0%| F|  |TAMS 0x00000006cac00000| PB 0x00000006cac00000| Untracked |  0
|  31|0x00000006cb000000, 0x00000006cb000000, 0x00000006cb400000|  0%| F|  |TAMS 0x00000006cb000000| PB 0x00000006cb000000| Untracked |  0
|  32|0x00000006cb400000, 0x00000006cb400000, 0x00000006cb800000|  0%| F|  |TAMS 0x00000006cb400000| PB 0x00000006cb400000| Untracked |  0
|  33|0x00000006cb800000, 0x00000006cb800000, 0x00000006cbc00000|  0%| F|  |TAMS 0x00000006cb800000| PB 0x00000006cb800000| Untracked |  0
|  34|0x00000006cbc00000, 0x00000006cbc00000, 0x00000006cc000000|  0%| F|  |TAMS 0x00000006cbc00000| PB 0x00000006cbc00000| Untracked |  0
|  35|0x00000006cc000000, 0x00000006cc000000, 0x00000006cc400000|  0%| F|  |TAMS 0x00000006cc000000| PB 0x00000006cc000000| Untracked |  0
|  36|0x00000006cc400000, 0x00000006cc400000, 0x00000006cc800000|  0%| F|  |TAMS 0x00000006cc400000| PB 0x00000006cc400000| Untracked |  0
|  37|0x00000006cc800000, 0x00000006cc800000, 0x00000006ccc00000|  0%| F|  |TAMS 0x00000006cc800000| PB 0x00000006cc800000| Untracked |  0
|  38|0x00000006ccc00000, 0x00000006ccc00000, 0x00000006cd000000|  0%| F|  |TAMS 0x00000006ccc00000| PB 0x00000006ccc00000| Untracked |  0
|  39|0x00000006cd000000, 0x00000006cd000000, 0x00000006cd400000|  0%| F|  |TAMS 0x00000006cd000000| PB 0x00000006cd000000| Untracked |  0
|  40|0x00000006cd400000, 0x00000006cd400000, 0x00000006cd800000|  0%| F|  |TAMS 0x00000006cd400000| PB 0x00000006cd400000| Untracked |  0
|  41|0x00000006cd800000, 0x00000006cd800000, 0x00000006cdc00000|  0%| F|  |TAMS 0x00000006cd800000| PB 0x00000006cd800000| Untracked |  0
|  42|0x00000006cdc00000, 0x00000006cdc00000, 0x00000006ce000000|  0%| F|  |TAMS 0x00000006cdc00000| PB 0x00000006cdc00000| Untracked |  0
|  43|0x00000006ce000000, 0x00000006ce000000, 0x00000006ce400000|  0%| F|  |TAMS 0x00000006ce000000| PB 0x00000006ce000000| Untracked |  0
|  44|0x00000006ce400000, 0x00000006ce400000, 0x00000006ce800000|  0%| F|  |TAMS 0x00000006ce400000| PB 0x00000006ce400000| Untracked |  0
|  45|0x00000006ce800000, 0x00000006ce800000, 0x00000006cec00000|  0%| F|  |TAMS 0x00000006ce800000| PB 0x00000006ce800000| Untracked |  0
|  46|0x00000006cec00000, 0x00000006cec00000, 0x00000006cf000000|  0%| F|  |TAMS 0x00000006cec00000| PB 0x00000006cec00000| Untracked |  0
|  47|0x00000006cf000000, 0x00000006cf000000, 0x00000006cf400000|  0%| F|  |TAMS 0x00000006cf000000| PB 0x00000006cf000000| Untracked |  0
|  48|0x00000006cf400000, 0x00000006cf400000, 0x00000006cf800000|  0%| F|  |TAMS 0x00000006cf400000| PB 0x00000006cf400000| Untracked |  0
|  49|0x00000006cf800000, 0x00000006cf800000, 0x00000006cfc00000|  0%| F|  |TAMS 0x00000006cf800000| PB 0x00000006cf800000| Untracked |  0
|  50|0x00000006cfc00000, 0x00000006cfc00000, 0x00000006d0000000|  0%| F|  |TAMS 0x00000006cfc00000| PB 0x00000006cfc00000| Untracked |  0
|  51|0x00000006d0000000, 0x00000006d0000000, 0x00000006d0400000|  0%| F|  |TAMS 0x00000006d0000000| PB 0x00000006d0000000| Untracked |  0
|  52|0x00000006d0400000, 0x00000006d0400000, 0x00000006d0800000|  0%| F|  |TAMS 0x00000006d0400000| PB 0x00000006d0400000| Untracked |  0
|  53|0x00000006d0800000, 0x00000006d0800000, 0x00000006d0c00000|  0%| F|  |TAMS 0x00000006d0800000| PB 0x00000006d0800000| Untracked |  0
|  54|0x00000006d0c00000, 0x00000006d0c00000, 0x00000006d1000000|  0%| F|  |TAMS 0x00000006d0c00000| PB 0x00000006d0c00000| Untracked |  0
|  55|0x00000006d1000000, 0x00000006d1000000, 0x00000006d1400000|  0%| F|  |TAMS 0x00000006d1000000| PB 0x00000006d1000000| Untracked |  0
|  56|0x00000006d1400000, 0x00000006d1400000, 0x00000006d1800000|  0%| F|  |TAMS 0x00000006d1400000| PB 0x00000006d1400000| Untracked |  0
|  57|0x00000006d1800000, 0x00000006d1800000, 0x00000006d1c00000|  0%| F|  |TAMS 0x00000006d1800000| PB 0x00000006d1800000| Untracked |  0
|  58|0x00000006d1c00000, 0x00000006d1c00000, 0x00000006d2000000|  0%| F|  |TAMS 0x00000006d1c00000| PB 0x00000006d1c00000| Untracked |  0
|  59|0x00000006d2000000, 0x00000006d2000000, 0x00000006d2400000|  0%| F|  |TAMS 0x00000006d2000000| PB 0x00000006d2000000| Untracked |  0
|  60|0x00000006d2400000, 0x00000006d2400000, 0x00000006d2800000|  0%| F|  |TAMS 0x00000006d2400000| PB 0x00000006d2400000| Untracked |  0
|  61|0x00000006d2800000, 0x00000006d2800000, 0x00000006d2c00000|  0%| F|  |TAMS 0x00000006d2800000| PB 0x00000006d2800000| Untracked |  0
|  62|0x00000006d2c00000, 0x00000006d2c00000, 0x00000006d3000000|  0%| F|  |TAMS 0x00000006d2c00000| PB 0x00000006d2c00000| Untracked |  0
|  63|0x00000006d3000000, 0x00000006d3000000, 0x00000006d3400000|  0%| F|  |TAMS 0x00000006d3000000| PB 0x00000006d3000000| Untracked |  0
|  64|0x00000006d3400000, 0x00000006d3400000, 0x00000006d3800000|  0%| F|  |TAMS 0x00000006d3400000| PB 0x00000006d3400000| Untracked |  0
|  65|0x00000006d3800000, 0x00000006d3800000, 0x00000006d3c00000|  0%| F|  |TAMS 0x00000006d3800000| PB 0x00000006d3800000| Untracked |  0
|  66|0x00000006d3c00000, 0x00000006d3d4fe88, 0x00000006d4000000| 32%| E|  |TAMS 0x00000006d3c00000| PB 0x00000006d3c00000| Complete |  0
|  67|0x00000006d4000000, 0x00000006d4400000, 0x00000006d4400000|100%| E|CS|TAMS 0x00000006d4000000| PB 0x00000006d4000000| Complete |  0
|  68|0x00000006d4400000, 0x00000006d4800000, 0x00000006d4800000|100%| E|CS|TAMS 0x00000006d4400000| PB 0x00000006d4400000| Complete |  0
|  69|0x00000006d4800000, 0x00000006d4c00000, 0x00000006d4c00000|100%| E|CS|TAMS 0x00000006d4800000| PB 0x00000006d4800000| Complete |  0
|  70|0x00000006d4c00000, 0x00000006d5000000, 0x00000006d5000000|100%| E|CS|TAMS 0x00000006d4c00000| PB 0x00000006d4c00000| Complete |  0
|  71|0x00000006d5000000, 0x00000006d5400000, 0x00000006d5400000|100%| E|CS|TAMS 0x00000006d5000000| PB 0x00000006d5000000| Complete |  0
|  72|0x00000006d5400000, 0x00000006d56956e0, 0x00000006d5800000| 64%| S|CS|TAMS 0x00000006d5400000| PB 0x00000006d5400000| Complete |  0
|  73|0x00000006d5800000, 0x00000006d5c00000, 0x00000006d5c00000|100%| E|CS|TAMS 0x00000006d5800000| PB 0x00000006d5800000| Complete |  0
|  74|0x00000006d5c00000, 0x00000006d6000000, 0x00000006d6000000|100%| E|CS|TAMS 0x00000006d5c00000| PB 0x00000006d5c00000| Complete |  0
|  75|0x00000006d6000000, 0x00000006d6400000, 0x00000006d6400000|100%| E|CS|TAMS 0x00000006d6000000| PB 0x00000006d6000000| Complete |  0
|  76|0x00000006d6400000, 0x00000006d6800000, 0x00000006d6800000|100%| E|CS|TAMS 0x00000006d6400000| PB 0x00000006d6400000| Complete |  0
|  77|0x00000006d6800000, 0x00000006d6c00000, 0x00000006d6c00000|100%| E|CS|TAMS 0x00000006d6800000| PB 0x00000006d6800000| Complete |  0
|  78|0x00000006d6c00000, 0x00000006d7000000, 0x00000006d7000000|100%| E|CS|TAMS 0x00000006d6c00000| PB 0x00000006d6c00000| Complete |  0
|  79|0x00000006d7000000, 0x00000006d7400000, 0x00000006d7400000|100%| E|CS|TAMS 0x00000006d7000000| PB 0x00000006d7000000| Complete |  0

Card table byte_map: [0x000001f3f4dd0000,0x000001f3f57c0000] _byte_map_base: 0x000001f3f17b6000

Marking Bits: (CMBitMap*) 0x000001f3ebde91b0
 Bits: [0x000001f3f57c0000, 0x000001f3fa6f0000)

Polling page: 0x000001f3e9cf0000

Metaspace:

Usage:
  Non-class:     17.87 MB used.
      Class:      2.42 MB used.
       Both:     20.29 MB used.

Virtual space:
  Non-class space:       64.00 MB reserved,      18.06 MB ( 28%) committed,  1 nodes.
      Class space:        1.00 GB reserved,       2.56 MB ( <1%) committed,  1 nodes.
             Both:        1.06 GB reserved,      20.62 MB (  2%) committed. 

Chunk freelists:
   Non-Class:  13.80 MB
       Class:  13.27 MB
        Both:  27.06 MB

MaxMetaspaceSize: unlimited
CompressedClassSpaceSize: 1.00 GB
Initial GC threshold: 21.00 MB
Current GC threshold: 21.00 MB
CDS: on
 - commit_granule_bytes: 65536.
 - commit_granule_words: 8192.
 - virtual_space_node_default_size: 8388608.
 - enlarge_chunks_in_place: 1.
 - use_allocation_guard: 0.


Internal statistics:

num_allocs_failed_limit: 0.
num_arena_births: 298.
num_arena_deaths: 0.
num_vsnodes_births: 2.
num_vsnodes_deaths: 0.
num_space_committed: 330.
num_space_uncommitted: 0.
num_chunks_returned_to_freelist: 0.
num_chunks_taken_from_freelist: 1002.
num_chunk_merges: 0.
num_chunk_splits: 670.
num_chunks_enlarged: 479.
num_inconsistent_stats: 0.

CodeHeap 'non-profiled nmethods': size=120000Kb used=1234Kb max_used=1234Kb free=118765Kb
 bounds [0x000001f387ad0000, 0x000001f387d40000, 0x000001f38f000000]
CodeHeap 'profiled nmethods': size=120000Kb used=5978Kb max_used=5978Kb free=114021Kb
 bounds [0x000001f380000000, 0x000001f3805e0000, 0x000001f387530000]
CodeHeap 'non-nmethods': size=5760Kb used=1456Kb max_used=1519Kb free=4303Kb
 bounds [0x000001f387530000, 0x000001f3877a0000, 0x000001f387ad0000]
 total_blobs=3545 nmethods=3007 adapters=441
 compilation: enabled
              stopped_count=0, restarted_count=0
 full_count=0

Compilation events (20 events):
Event: 2.579 Thread 0x000001f3fd138360 nmethod 3005 0x000001f3805ce890 code [0x000001f3805cea20, 0x000001f3805ceb10]
Event: 2.579 Thread 0x000001f3fd138360 3006   !   3       sun.net.www.protocol.file.Handler::openConnection (274 bytes)
Event: 2.581 Thread 0x000001f3fd138360 nmethod 3006 0x000001f3805ceb90 code [0x000001f3805cf0a0, 0x000001f3805d1148]
Event: 2.581 Thread 0x000001f3fd138360 3007       3       sun.net.www.protocol.file.Handler::createFileURLConnection (10 bytes)
Event: 2.581 Thread 0x000001f3fd138360 nmethod 3007 0x000001f3805d2010 code [0x000001f3805d21c0, 0x000001f3805d2370]
Event: 2.581 Thread 0x000001f3fd138360 3008       3       sun.net.www.protocol.file.FileURLConnection::<init> (38 bytes)
Event: 2.582 Thread 0x000001f3fd138360 nmethod 3008 0x000001f3805d2410 code [0x000001f3805d25e0, 0x000001f3805d29e8]
Event: 2.582 Thread 0x000001f3fd138360 3009       3       sun.net.www.URLConnection::<init> (22 bytes)
Event: 2.582 Thread 0x000001f3fd138360 nmethod 3009 0x000001f3805d2b90 code [0x000001f3805d2d60, 0x000001f3805d3078]
Event: 2.582 Thread 0x000001f3fd138360 3010       3       sun.net.www.MessageHeader::<init> (9 bytes)
Event: 2.582 Thread 0x000001f3fd138360 nmethod 3010 0x000001f3805d3190 code [0x000001f3805d3340, 0x000001f3805d34d8]
Event: 2.582 Thread 0x000001f3fd138360 3011       3       sun.net.www.MessageHeader::grow (92 bytes)
Event: 2.583 Thread 0x000001f3fd138360 nmethod 3011 0x000001f3805d3590 code [0x000001f3805d3760, 0x000001f3805d3ce0]
Event: 2.584 Thread 0x000001f3fd138360 3012       3       java.util.HashSet::toArray (16 bytes)
Event: 2.584 Thread 0x000001f3fd138360 nmethod 3012 0x000001f3805d3e10 code [0x000001f3805d3fc0, 0x000001f3805d41e8]
Event: 2.584 Thread 0x000001f3fd138360 3013       3       sun.reflect.annotation.AnnotationInvocationHandler::cloneArray (143 bytes)
Event: 2.586 Thread 0x000001f3fd138360 nmethod 3013 0x000001f3805d4310 code [0x000001f3805d4600, 0x000001f3805d58c8]
Event: 2.586 Thread 0x000001f3fd138360 3014       3       org.springframework.core.annotation.MergedAnnotationPredicates::unique (9 bytes)
Event: 2.587 Thread 0x000001f3fd138360 nmethod 3014 0x000001f3805d5c10 code [0x000001f3805d5e20, 0x000001f3805d6628]
Event: 2.587 Thread 0x000001f3fd138360 3016       3       org.springframework.asm.ClassReader::accept (1401 bytes)

GC Heap History (4 events):
Event: 0.866 GC heap before
{Heap before GC invocations=0 (full 0):
 garbage-first heap   total reserved 5189632K, committed 327680K, used 20480K [0x00000006c3400000, 0x0000000800000000)
  region size 4096K, 6 young (24576K), 0 survivors (0K)
 Metaspace       used 4878K, committed 5120K, reserved 1114112K
  class space    used 548K, committed 704K, reserved 1048576K
}
Event: 0.871 GC heap after
{Heap after GC invocations=1 (full 0):
 garbage-first heap   total reserved 5189632K, committed 327680K, used 7207K [0x00000006c3400000, 0x0000000800000000)
  region size 4096K, 1 young (4096K), 1 survivors (4096K)
 Metaspace       used 4878K, committed 5120K, reserved 1114112K
  class space    used 548K, committed 704K, reserved 1048576K
}
Event: 1.595 GC heap before
{Heap before GC invocations=1 (full 0):
 garbage-first heap   total reserved 5189632K, committed 327680K, used 27687K [0x00000006c3400000, 0x0000000800000000)
  region size 4096K, 7 young (28672K), 1 survivors (4096K)
 Metaspace       used 11569K, committed 11840K, reserved 1114112K
  class space    used 1361K, committed 1472K, reserved 1048576K
}
Event: 1.600 GC heap after
{Heap after GC invocations=2 (full 0):
 garbage-first heap   total reserved 5189632K, committed 327680K, used 10019K [0x00000006c3400000, 0x0000000800000000)
  region size 4096K, 1 young (4096K), 1 survivors (4096K)
 Metaspace       used 11569K, committed 11840K, reserved 1114112K
  class space    used 1361K, committed 1472K, reserved 1048576K
}

Dll operation events (14 events):
Event: 0.013 Loaded shared library C:\Users\nigam_gy5pxr1\.jdks\openjdk-22.0.1\bin\java.dll
Event: 0.064 Loaded shared library C:\Users\nigam_gy5pxr1\.jdks\openjdk-22.0.1\bin\jsvml.dll
Event: 0.208 Loaded shared library C:\Users\nigam_gy5pxr1\.jdks\openjdk-22.0.1\bin\zip.dll
Event: 0.212 Loaded shared library C:\Users\nigam_gy5pxr1\.jdks\openjdk-22.0.1\bin\instrument.dll
Event: 0.219 Loaded shared library C:\Users\nigam_gy5pxr1\.jdks\openjdk-22.0.1\bin\net.dll
Event: 0.221 Loaded shared library C:\Users\nigam_gy5pxr1\.jdks\openjdk-22.0.1\bin\nio.dll
Event: 0.225 Loaded shared library C:\Users\nigam_gy5pxr1\.jdks\openjdk-22.0.1\bin\zip.dll
Event: 0.362 Loaded shared library C:\Program Files\JetBrains\IntelliJ IDEA Community Edition 2024.1.1\bin\breakgen64.dll
Event: 0.372 Loaded shared library C:\Users\nigam_gy5pxr1\.jdks\openjdk-22.0.1\bin\extnet.dll
Event: 0.415 Loaded shared library C:\Users\nigam_gy5pxr1\.jdks\openjdk-22.0.1\bin\jimage.dll
Event: 0.791 Loaded shared library C:\Users\nigam_gy5pxr1\.jdks\openjdk-22.0.1\bin\management.dll
Event: 0.794 Loaded shared library C:\Users\nigam_gy5pxr1\.jdks\openjdk-22.0.1\bin\management_ext.dll
Event: 1.452 Loaded shared library C:\Users\nigam_gy5pxr1\.jdks\openjdk-22.0.1\bin\le.dll
Event: 1.986 Loaded shared library C:\Users\nigam_gy5pxr1\.jdks\openjdk-22.0.1\bin\sunmscapi.dll

Deoptimization events (20 events):
Event: 2.092 Thread 0x000001f3d4ae9040 DEOPT PACKING pc=0x000001f380205b0d sp=0x00000088ca6fe440
Event: 2.092 Thread 0x000001f3d4ae9040 DEOPT UNPACKING pc=0x000001f387584e42 sp=0x00000088ca6fd930 mode 0
Event: 2.092 Thread 0x000001f3d4ae9040 DEOPT PACKING pc=0x000001f380157f06 sp=0x00000088ca6fe450
Event: 2.092 Thread 0x000001f3d4ae9040 DEOPT UNPACKING pc=0x000001f387584e42 sp=0x00000088ca6fd938 mode 0
Event: 2.092 Thread 0x000001f3d4ae9040 DEOPT PACKING pc=0x000001f380205b0d sp=0x00000088ca6fe440
Event: 2.092 Thread 0x000001f3d4ae9040 DEOPT UNPACKING pc=0x000001f387584e42 sp=0x00000088ca6fd930 mode 0
Event: 2.092 Thread 0x000001f3d4ae9040 DEOPT PACKING pc=0x000001f380157f06 sp=0x00000088ca6fe450
Event: 2.092 Thread 0x000001f3d4ae9040 DEOPT UNPACKING pc=0x000001f387584e42 sp=0x00000088ca6fd938 mode 0
Event: 2.249 Thread 0x000001f3d4ae9040 Uncommon trap: trap_request=0xffffff45 fr.pc=0x000001f387b5f82c relative=0x0000000000000a6c
Event: 2.249 Thread 0x000001f3d4ae9040 Uncommon trap: reason=unstable_if action=reinterpret pc=0x000001f387b5f82c method=jdk.internal.org.objectweb.asm.SymbolTable.put(Ljdk/internal/org/objectweb/asm/SymbolTable$Entry;)Ljdk/internal/org/objectweb/asm/SymbolTable$Entry; @ 13 c2
Event: 2.249 Thread 0x000001f3d4ae9040 DEOPT PACKING pc=0x000001f387b5f82c sp=0x00000088ca6fcb00
Event: 2.249 Thread 0x000001f3d4ae9040 DEOPT UNPACKING pc=0x000001f3875846a2 sp=0x00000088ca6fca38 mode 2
Event: 2.258 Thread 0x000001f3d4ae9040 DEOPT PACKING pc=0x000001f3800624a9 sp=0x00000088ca6fdc20
Event: 2.258 Thread 0x000001f3d4ae9040 DEOPT UNPACKING pc=0x000001f387584e42 sp=0x00000088ca6fd120 mode 0
Event: 2.326 Thread 0x000001f3d4ae9040 DEOPT PACKING pc=0x000001f3800624a9 sp=0x00000088ca6fd9e0
Event: 2.326 Thread 0x000001f3d4ae9040 DEOPT UNPACKING pc=0x000001f387584e42 sp=0x00000088ca6fcee0 mode 0
Event: 2.409 Thread 0x000001f3d4ae9040 DEOPT PACKING pc=0x000001f3800624a9 sp=0x00000088ca6fda70
Event: 2.409 Thread 0x000001f3d4ae9040 DEOPT UNPACKING pc=0x000001f387584e42 sp=0x00000088ca6fcf70 mode 0
Event: 2.464 Thread 0x000001f3d4ae9040 DEOPT PACKING pc=0x000001f3800624a9 sp=0x00000088ca6fdc40
Event: 2.464 Thread 0x000001f3d4ae9040 DEOPT UNPACKING pc=0x000001f387584e42 sp=0x00000088ca6fd140 mode 0

Classes loaded (20 events):
Event: 1.980 Loading class javax/security/auth/Subject
Event: 1.980 Loading class javax/security/auth/Subject done
Event: 1.980 Loading class javax/security/auth/callback/CallbackHandler
Event: 1.980 Loading class javax/security/auth/callback/CallbackHandler done
Event: 1.989 Loading class sun/security/provider/certpath/ldap/JdkLDAP
Event: 1.989 Loading class sun/security/provider/certpath/ldap/JdkLDAP done
Event: 1.990 Loading class sun/security/provider/certpath/ldap/JdkLDAP$ProviderService
Event: 1.990 Loading class sun/security/provider/certpath/ldap/JdkLDAP$ProviderService done
Event: 1.990 Loading class com/sun/security/sasl/Provider
Event: 1.990 Loading class com/sun/security/sasl/Provider done
Event: 1.990 Loading class com/sun/security/sasl/Provider$1
Event: 1.991 Loading class com/sun/security/sasl/Provider$1 done
Event: 1.991 Loading class com/sun/security/sasl/Provider$ProviderService
Event: 1.991 Loading class com/sun/security/sasl/Provider$ProviderService done
Event: 2.137 Loading class javax/naming/ldap/LdapContext
Event: 2.137 Loading class javax/naming/directory/DirContext
Event: 2.137 Loading class javax/naming/directory/DirContext done
Event: 2.137 Loading class javax/naming/ldap/LdapContext done
Event: 2.398 Loading class java/beans/PropertyVetoException
Event: 2.398 Loading class java/beans/PropertyVetoException done

Classes unloaded (0 events):
No events

Classes redefined (0 events):
No events

Internal exceptions (20 events):
Event: 1.367 Thread 0x000001f3d4ae9040 Exception <a 'java/lang/NoSuchMethodError'{0x00000006d66d3e40}: 'void java.lang.invoke.DirectMethodHandle$Holder.invokeVirtual(java.lang.Object, java.lang.Object, java.lang.Object, java.lang.Object)'> (0x00000006d66d3e40) 
thrown [s\open\src\hotspot\share\interpreter\linkResolver.cpp, line 774]
Event: 1.422 Thread 0x000001f3d5128f70 Exception <a 'java/lang/NoClassDefFoundError'{0x00000006d60537c0}: jakarta/validation/Validation> (0x00000006d60537c0) 
thrown [s\open\src\hotspot\share\classfile\systemDictionary.cpp, line 302]
Event: 1.422 Thread 0x000001f3d4ae9040 Exception <a 'java/lang/IncompatibleClassChangeError'{0x00000006d6035020}: Found class java.lang.Object, but interface was expected> (0x00000006d6035020) 
thrown [s\open\src\hotspot\share\interpreter\linkResolver.cpp, line 841]
Event: 1.428 Thread 0x000001f3d4ae9040 Exception <a 'java/lang/NoSuchMethodError'{0x00000006d6078948}: 'java.lang.Object java.lang.invoke.DirectMethodHandle$Holder.invokeStaticInit(java.lang.Object, int)'> (0x00000006d6078948) 
thrown [s\open\src\hotspot\share\interpreter\linkResolver.cpp, line 774]
Event: 1.430 Thread 0x000001f3d4ae9040 Exception <a 'java/lang/NoSuchMethodError'{0x00000006d6082dc8}: 'java.lang.Object java.lang.invoke.DirectMethodHandle$Holder.invokeStatic(java.lang.Object, int, java.lang.Object)'> (0x00000006d6082dc8) 
thrown [s\open\src\hotspot\share\interpreter\linkResolver.cpp, line 774]
Event: 1.430 Thread 0x000001f3d4ae9040 Exception <a 'java/lang/NoSuchMethodError'{0x00000006d6086488}: 'java.lang.Object java.lang.invoke.DirectMethodHandle$Holder.invokeStaticInit(java.lang.Object, int, java.lang.Object)'> (0x00000006d6086488) 
thrown [s\open\src\hotspot\share\interpreter\linkResolver.cpp, line 774]
Event: 1.446 Thread 0x000001f3d4ae9040 Exception <a 'sun/nio/fs/WindowsException'{0x00000006d60ec120}> (0x00000006d60ec120) 
thrown [s\open\src\hotspot\share\prims\jni.cpp, line 520]
Event: 1.455 Thread 0x000001f3d4ae9040 Exception <a 'jdk/internal/org/jline/terminal/impl/jna/LastErrorException'{0x00000006d618b7e8}> (0x00000006d618b7e8) 
thrown [s\open\src\hotspot\share\prims\jni.cpp, line 520]
Event: 1.455 Thread 0x000001f3d4ae9040 Exception <a 'jdk/internal/org/jline/terminal/impl/jna/LastErrorException'{0x00000006d618bea8}> (0x00000006d618bea8) 
thrown [s\open\src\hotspot\share\prims\jni.cpp, line 520]
Event: 1.455 Thread 0x000001f3d4ae9040 Exception <a 'jdk/internal/org/jline/terminal/impl/jna/LastErrorException'{0x00000006d618c518}> (0x00000006d618c518) 
thrown [s\open\src\hotspot\share\prims\jni.cpp, line 520]
Event: 1.795 Thread 0x000001f3d5128f70 Exception <a 'java/lang/NoSuchMethodError'{0x00000006d6779160}: 'long java.lang.invoke.DirectMethodHandle$Holder.invokeSpecial(java.lang.Object, java.lang.Object)'> (0x00000006d6779160) 
thrown [s\open\src\hotspot\share\interpreter\linkResolver.cpp, line 774]
Event: 1.797 Thread 0x000001f3d5128f70 Exception <a 'java/lang/NoSuchMethodError'{0x00000006d6783320}: 'long java.lang.invoke.DirectMethodHandle$Holder.invokeStatic(java.lang.Object, java.lang.Object)'> (0x00000006d6783320) 
thrown [s\open\src\hotspot\share\interpreter\linkResolver.cpp, line 774]
Event: 1.798 Thread 0x000001f3d5128f70 Exception <a 'java/lang/NoSuchMethodError'{0x00000006d67866b8}: 'long java.lang.invoke.DirectMethodHandle$Holder.invokeStaticInit(java.lang.Object, java.lang.Object)'> (0x00000006d67866b8) 
thrown [s\open\src\hotspot\share\interpreter\linkResolver.cpp, line 774]
Event: 1.800 Thread 0x000001f3d5128f70 Exception <a 'java/lang/NoSuchMethodError'{0x00000006d67cae68}: 'long java.lang.invoke.DirectMethodHandle$Holder.invokeInterface(java.lang.Object, java.lang.Object)'> (0x00000006d67cae68) 
thrown [s\open\src\hotspot\share\interpreter\linkResolver.cpp, line 774]
Event: 1.800 Thread 0x000001f3d5128f70 Exception <a 'java/lang/IncompatibleClassChangeError'{0x00000006d67ce128}: Found class java.lang.Object, but interface was expected> (0x00000006d67ce128) 
thrown [s\open\src\hotspot\share\interpreter\linkResolver.cpp, line 841]
Event: 1.813 Thread 0x000001f3d5128f70 Exception <a 'java/lang/NoSuchMethodError'{0x00000006d6078150}: 'java.lang.Object java.lang.invoke.DirectMethodHandle$Holder.invokeVirtual(java.lang.Object, java.lang.Object, java.lang.Object, java.lang.Object)'> (0x00000006d6078150) 
thrown [s\open\src\hotspot\share\interpreter\linkResolver.cpp, line 774]
Event: 1.825 Thread 0x000001f3d5128f70 Exception <a 'java/lang/NoSuchMethodError'{0x00000006d61545d0}: 'java.lang.Object java.lang.invoke.DirectMethodHandle$Holder.invokeStaticInit(java.lang.Object, java.lang.Object, java.lang.Object, java.lang.Object, java.lang.Object)'> (0x00000006d61545d0) 
thrown [s\open\src\hotspot\share\interpreter\linkResolver.cpp, line 774]
Event: 1.878 Thread 0x000001f3d4ae9040 Exception <a 'java/lang/NoSuchMethodError'{0x00000006d5c8eed0}: 'int java.lang.invoke.DirectMethodHandle$Holder.invokeSpecial(java.lang.Object, java.lang.Object, java.lang.Object, java.lang.Object, java.lang.Object)'> (0x00000006d5c8eed0) 
thrown [s\open\src\hotspot\share\interpreter\linkResolver.cpp, line 774]
Event: 1.880 Thread 0x000001f3d4ae9040 Exception <a 'java/lang/NoSuchMethodError'{0x00000006d5c971e8}: 'void java.lang.invoke.DirectMethodHandle$Holder.invokeVirtual(java.lang.Object, java.lang.Object)'> (0x00000006d5c971e8) 
thrown [s\open\src\hotspot\share\interpreter\linkResolver.cpp, line 774]
Event: 2.190 Thread 0x000001f3d4ae9040 Exception <a 'java/lang/IncompatibleClassChangeError'{0x00000006d4d55bd0}: Found class java.lang.Object, but interface was expected> (0x00000006d4d55bd0) 
thrown [s\open\src\hotspot\share\interpreter\linkResolver.cpp, line 841]

ZGC Phase Switch (0 events):
No events

VM Operations (20 events):
Event: 1.410 Executing VM operation: HandshakeAllThreads (Deoptimize)
Event: 1.410 Executing VM operation: HandshakeAllThreads (Deoptimize) done
Event: 1.595 Executing VM operation: G1CollectForAllocation (G1 Evacuation Pause)
Event: 1.600 Executing VM operation: G1CollectForAllocation (G1 Evacuation Pause) done
Event: 1.622 Executing VM operation: HandshakeAllThreads (Deoptimize)
Event: 1.622 Executing VM operation: HandshakeAllThreads (Deoptimize) done
Event: 1.801 Executing VM operation: HandshakeAllThreads (Deoptimize)
Event: 1.801 Executing VM operation: HandshakeAllThreads (Deoptimize) done
Event: 1.856 Executing VM operation: HandshakeAllThreads (Deoptimize)
Event: 1.856 Executing VM operation: HandshakeAllThreads (Deoptimize) done
Event: 1.882 Executing VM operation: HandshakeAllThreads (Deoptimize)
Event: 1.882 Executing VM operation: HandshakeAllThreads (Deoptimize) done
Event: 1.898 Executing VM operation: HandshakeAllThreads (Deoptimize)
Event: 1.899 Executing VM operation: HandshakeAllThreads (Deoptimize) done
Event: 1.951 Executing VM operation: HandshakeAllThreads (Deoptimize)
Event: 1.951 Executing VM operation: HandshakeAllThreads (Deoptimize) done
Event: 1.973 Executing VM operation: ICBufferFull
Event: 1.973 Executing VM operation: ICBufferFull done
Event: 2.502 Executing VM operation: ICBufferFull
Event: 2.502 Executing VM operation: ICBufferFull done

Events (20 events):
Event: 0.061 Thread 0x000001f3fd11dda0 Thread added: 0x000001f3fd11dda0
Event: 0.062 Thread 0x000001f3fd121d40 Thread added: 0x000001f3fd121d40
Event: 0.062 Thread 0x000001f3fd125a70 Thread added: 0x000001f3fd125a70
Event: 0.062 Thread 0x000001f3fd126680 Thread added: 0x000001f3fd126680
Event: 0.062 Thread 0x000001f3fd1292a0 Thread added: 0x000001f3fd1292a0
Event: 0.062 Thread 0x000001f3fd12d6e0 Thread added: 0x000001f3fd12d6e0
Event: 0.062 Thread 0x000001f3fd138360 Thread added: 0x000001f3fd138360
Event: 0.182 Thread 0x000001f3d41b7fa0 Thread added: 0x000001f3d41b7fa0
Event: 0.205 Thread 0x000001f3d42db930 Thread added: 0x000001f3d42db930
Event: 0.363 Thread 0x000001f3d45ab9c0 Thread added: 0x000001f3d45ab9c0
Event: 0.363 Thread 0x000001f3d4522530 Thread added: 0x000001f3d4522530
Event: 0.871 Thread 0x000001f3d4c2a930 Thread added: 0x000001f3d4c2a930
Event: 0.891 Thread 0x000001f3d49fdb50 Thread added: 0x000001f3d49fdb50
Event: 0.895 Thread 0x000001f3d4ae9040 Thread added: 0x000001f3d4ae9040
Event: 1.418 Thread 0x000001f3d5128f70 Thread added: 0x000001f3d5128f70
Event: 1.548 Thread 0x000001f3d4c2a930 Thread exited: 0x000001f3d4c2a930
Event: 1.569 Thread 0x000001f3d54764f0 Thread added: 0x000001f3d54764f0
Event: 1.993 Thread 0x000001f3d5128f70 Thread exited: 0x000001f3d5128f70
Event: 2.095 Thread 0x000001f3d6253c90 Thread added: 0x000001f3d6253c90
Event: 2.181 Thread 0x000001f3d6253c90 Thread exited: 0x000001f3d6253c90


Dynamic libraries:
0x00007ff6cb160000 - 0x00007ff6cb16e000 	C:\Users\nigam_gy5pxr1\.jdks\openjdk-22.0.1\bin\java.exe
0x00007ff8c5db0000 - 0x00007ff8c5fa8000 	C:\WINDOWS\SYSTEM32\ntdll.dll
0x00007ff8c5cb0000 - 0x00007ff8c5d6d000 	C:\WINDOWS\System32\KERNEL32.DLL
0x00007ff8c3460000 - 0x00007ff8c3756000 	C:\WINDOWS\System32\KERNELBASE.dll
0x00007ff8c3ce0000 - 0x00007ff8c3de0000 	C:\WINDOWS\System32\ucrtbase.dll
0x00007ff8b76a0000 - 0x00007ff8b76bb000 	C:\Users\nigam_gy5pxr1\.jdks\openjdk-22.0.1\bin\VCRUNTIME140.dll
0x00007ff8b7730000 - 0x00007ff8b7747000 	C:\Users\nigam_gy5pxr1\.jdks\openjdk-22.0.1\bin\jli.dll
0x00007ff8c4340000 - 0x00007ff8c44df000 	C:\WINDOWS\System32\USER32.dll
0x00007ff8a7510000 - 0x00007ff8a77aa000 	C:\WINDOWS\WinSxS\amd64_microsoft.windows.common-controls_6595b64144ccf1df_6.0.19041.4355_none_60b8b9eb71f62e16\COMCTL32.dll
0x00007ff8c3a40000 - 0x00007ff8c3a62000 	C:\WINDOWS\System32\win32u.dll
0x00007ff8c5080000 - 0x00007ff8c511e000 	C:\WINDOWS\System32\msvcrt.dll
0x00007ff8c5b60000 - 0x00007ff8c5b8b000 	C:\WINDOWS\System32\GDI32.dll
0x00007ff8c3810000 - 0x00007ff8c3927000 	C:\WINDOWS\System32\gdi32full.dll
0x00007ff8c3a70000 - 0x00007ff8c3b0d000 	C:\WINDOWS\System32\msvcp_win.dll
0x00007ff8c44e0000 - 0x00007ff8c4512000 	C:\WINDOWS\System32\IMM32.DLL
0x00007ff8bdfd0000 - 0x00007ff8bdfdc000 	C:\Users\nigam_gy5pxr1\.jdks\openjdk-22.0.1\bin\vcruntime140_1.dll
0x00007ff8943e0000 - 0x00007ff89446e000 	C:\Users\nigam_gy5pxr1\.jdks\openjdk-22.0.1\bin\msvcp140.dll
0x00007ff84e0e0000 - 0x00007ff84ee27000 	C:\Users\nigam_gy5pxr1\.jdks\openjdk-22.0.1\bin\server\jvm.dll
0x00007ff8c55b0000 - 0x00007ff8c5660000 	C:\WINDOWS\System32\ADVAPI32.dll
0x00007ff8c5ba0000 - 0x00007ff8c5c40000 	C:\WINDOWS\System32\sechost.dll
0x00007ff8c5a30000 - 0x00007ff8c5b53000 	C:\WINDOWS\System32\RPCRT4.dll
0x00007ff8c3a10000 - 0x00007ff8c3a37000 	C:\WINDOWS\System32\bcrypt.dll
0x00007ff8c5c40000 - 0x00007ff8c5cab000 	C:\WINDOWS\System32\WS2_32.dll
0x00007ff8c2fc0000 - 0x00007ff8c300b000 	C:\WINDOWS\SYSTEM32\POWRPROF.dll
0x00007ff8b8c30000 - 0x00007ff8b8c57000 	C:\WINDOWS\SYSTEM32\WINMM.dll
0x00007ff8beec0000 - 0x00007ff8beeca000 	C:\WINDOWS\SYSTEM32\VERSION.dll
0x00007ff8c2eb0000 - 0x00007ff8c2ec2000 	C:\WINDOWS\SYSTEM32\UMPDC.dll
0x00007ff8c1c70000 - 0x00007ff8c1c82000 	C:\WINDOWS\SYSTEM32\kernel.appcore.dll
0x00007ff8b7e10000 - 0x00007ff8b7e1a000 	C:\Users\nigam_gy5pxr1\.jdks\openjdk-22.0.1\bin\jimage.dll
0x00007ff8c1160000 - 0x00007ff8c1344000 	C:\WINDOWS\SYSTEM32\DBGHELP.DLL
0x00007ff8b91d0000 - 0x00007ff8b9204000 	C:\WINDOWS\SYSTEM32\dbgcore.DLL
0x00007ff8c3930000 - 0x00007ff8c39b2000 	C:\WINDOWS\System32\bcryptPrimitives.dll
0x00007ff8b9b20000 - 0x00007ff8b9b2f000 	C:\Users\nigam_gy5pxr1\.jdks\openjdk-22.0.1\bin\instrument.dll
0x00007ff89a360000 - 0x00007ff89a37e000 	C:\Users\nigam_gy5pxr1\.jdks\openjdk-22.0.1\bin\java.dll
0x00007ff8c4900000 - 0x00007ff8c506b000 	C:\WINDOWS\System32\SHELL32.dll
0x00007ff8c5480000 - 0x00007ff8c55ab000 	C:\WINDOWS\System32\ole32.dll
0x00007ff8c5120000 - 0x00007ff8c5473000 	C:\WINDOWS\System32\combase.dll
0x00007ff8c14c0000 - 0x00007ff8c1c5d000 	C:\WINDOWS\SYSTEM32\windows.storage.dll
0x00007ff8c2e10000 - 0x00007ff8c2e3e000 	C:\WINDOWS\SYSTEM32\Wldp.dll
0x00007ff8c4730000 - 0x00007ff8c47fd000 	C:\WINDOWS\System32\OLEAUT32.dll
0x00007ff8c5920000 - 0x00007ff8c59cd000 	C:\WINDOWS\System32\SHCORE.dll
0x00007ff8c59d0000 - 0x00007ff8c5a25000 	C:\WINDOWS\System32\shlwapi.dll
0x00007ff8c3390000 - 0x00007ff8c33b4000 	C:\WINDOWS\SYSTEM32\profapi.dll
0x00007ff893c30000 - 0x00007ff893d07000 	C:\Users\nigam_gy5pxr1\.jdks\openjdk-22.0.1\bin\jsvml.dll
0x00007ff895a60000 - 0x00007ff895a77000 	C:\Users\nigam_gy5pxr1\.jdks\openjdk-22.0.1\bin\zip.dll
0x00007ff8b7690000 - 0x00007ff8b76a0000 	C:\Users\nigam_gy5pxr1\.jdks\openjdk-22.0.1\bin\net.dll
0x00007ff8c2b70000 - 0x00007ff8c2bda000 	C:\WINDOWS\system32\mswsock.dll
0x00007ff899a00000 - 0x00007ff899a16000 	C:\Users\nigam_gy5pxr1\.jdks\openjdk-22.0.1\bin\nio.dll
0x00007ff8b7930000 - 0x00007ff8b794a000 	C:\Program Files\JetBrains\IntelliJ IDEA Community Edition 2024.1.1\bin\breakgen64.dll
0x00007ff8a28b0000 - 0x00007ff8a28b9000 	C:\Users\nigam_gy5pxr1\.jdks\openjdk-22.0.1\bin\extnet.dll
0x00007ff8bf960000 - 0x00007ff8bf96a000 	C:\Users\nigam_gy5pxr1\.jdks\openjdk-22.0.1\bin\management.dll
0x00007ff8be010000 - 0x00007ff8be01b000 	C:\Users\nigam_gy5pxr1\.jdks\openjdk-22.0.1\bin\management_ext.dll
0x00007ff8c5b90000 - 0x00007ff8c5b98000 	C:\WINDOWS\System32\PSAPI.DLL
0x00007ff8af5c0000 - 0x00007ff8af5cb000 	C:\Users\nigam_gy5pxr1\.jdks\openjdk-22.0.1\bin\le.dll
0x00007ff8b9b30000 - 0x00007ff8b9b3e000 	C:\Users\nigam_gy5pxr1\.jdks\openjdk-22.0.1\bin\sunmscapi.dll
0x00007ff8c3b10000 - 0x00007ff8c3c6e000 	C:\WINDOWS\System32\CRYPT32.dll
0x00007ff8c2e80000 - 0x00007ff8c2ea9000 	C:\WINDOWS\SYSTEM32\ncrypt.dll
0x00007ff8c2e40000 - 0x00007ff8c2e7b000 	C:\WINDOWS\SYSTEM32\NTASN1.dll

dbghelp: loaded successfully - version: 4.0.5 - missing functions: none
symbol engine: initialized successfully - sym options: 0x614 - pdb path: .;C:\Users\nigam_gy5pxr1\.jdks\openjdk-22.0.1\bin;C:\WINDOWS\SYSTEM32;C:\WINDOWS\WinSxS\amd64_microsoft.windows.common-controls_6595b64144ccf1df_6.0.19041.4355_none_60b8b9eb71f62e16;C:\Users\nigam_gy5pxr1\.jdks\openjdk-22.0.1\bin\server;C:\Program Files\JetBrains\IntelliJ IDEA Community Edition 2024.1.1\bin

VM Arguments:
jvm_args: -javaagent:C:\Program Files\JetBrains\IntelliJ IDEA Community Edition 2024.1.1\lib\idea_rt.jar=58833:C:\Program Files\JetBrains\IntelliJ IDEA Community Edition 2024.1.1\bin -Dfile.encoding=UTF-8 -Dsun.stdout.encoding=UTF-8 -Dsun.stderr.encoding=UTF-8 
java_command: com.project.happyevents.Try2Application
java_class_path (initial): C:\Users\nigam_gy5pxr1\Desktop\NTCC\Project\try2\try2\target\classes;C:\Users\nigam_gy5pxr1\.m2\repository\org\springframework\boot\spring-boot-starter-data-jpa\3.2.5\spring-boot-starter-data-jpa-3.2.5.jar;C:\Users\nigam_gy5pxr1\.m2\repository\org\springframework\boot\spring-boot-starter-aop\3.2.5\spring-boot-starter-aop-3.2.5.jar;C:\Users\nigam_gy5pxr1\.m2\repository\org\aspectj\aspectjweaver\1.9.22\aspectjweaver-1.9.22.jar;C:\Users\nigam_gy5pxr1\.m2\repository\org\hibernate\orm\hibernate-core\6.4.4.Final\hibernate-core-6.4.4.Final.jar;C:\Users\nigam_gy5pxr1\.m2\repository\jakarta\persistence\jakarta.persistence-api\3.1.0\jakarta.persistence-api-3.1.0.jar;C:\Users\nigam_gy5pxr1\.m2\repository\jakarta\transaction\jakarta.transaction-api\2.0.1\jakarta.transaction-api-2.0.1.jar;C:\Users\nigam_gy5pxr1\.m2\repository\org\jboss\logging\jboss-logging\3.5.3.Final\jboss-logging-3.5.3.Final.jar;C:\Users\nigam_gy5pxr1\.m2\repository\org\hibernate\common\hibernate-commons-annotations\6.0.6.Final\hibernate-commons-annotations-6.0.6.Final.jar;C:\Users\nigam_gy5pxr1\.m2\repository\io\smallrye\jandex\3.1.2\jandex-3.1.2.jar;C:\Users\nigam_gy5pxr1\.m2\repository\com\fasterxml\classmate\1.6.0\classmate-1.6.0.jar;C:\Users\nigam_gy5pxr1\.m2\repository\net\bytebuddy\byte-buddy\1.14.13\byte-buddy-1.14.13.jar;C:\Users\nigam_gy5pxr1\.m2\repository\org\glassfish\jaxb\jaxb-runtime\4.0.5\jaxb-runtime-4.0.5.jar;C:\Users\nigam_gy5pxr1\.m2\repository\org\glassfish\jaxb\jaxb-core\4.0.5\jaxb-core-4.0.5.jar;C:\Users\nigam_gy5pxr1\.m2\repository\org\glassfish\jaxb\txw2\4.0.5\txw2-4.0.5.jar;C:\Users\nigam_gy5pxr1\.m2\repository\com\sun\istack\istack-commons-runtime\4.1.2\istack-commons-runtime-4.1.2.jar;C:\Users\nigam_gy5pxr1\.m2\repository\jakarta\inject\jakarta.inject-api\2.0.1\jakarta.inject-api-2.0.1.jar;C:\Users\nigam_gy5pxr1\.m2\repository\org\antlr\antlr4-runtime\4.13.0\antlr4-runtime-4.13.0.jar;C:\Users\nigam_gy5pxr1\.m2\repository\org\springframework\data\spring-data-jpa\3.2.5\spring-data-jpa-3.2.5.jar;C:\Users\nigam_gy5pxr1\.m2\repository\org\springframework\data\spring-data-commons\3.2.5\spring-data-commons-3.2.5.jar;C:\Users\nigam_gy5pxr1\.m2\repository\org\springframework\spring-orm\6.1.6\spring-orm-6.1.6.jar;C:\Users\nigam_gy5pxr1\.m2\repository\org\springframework\spring-context\6.1.6\spring-context-6.1.6.jar;C:\Users\nigam_gy5pxr1\.m2\repository\org\springframework\spring-tx\6.1.6\spring-tx-6.1.6.jar;C:\Users\nigam_gy5pxr1\.m2\repository\org\springframework\spring-beans\6.1.6\spring-beans-6.1.6.jar;C:\Users\nigam_gy5pxr1\.m2\repository\jakarta\annotation\jakarta.annotation-api\2.1.1\jakarta.annotation-api-2.1.1.jar;C:\Users\nigam_gy5pxr1\.m2\repository\org\slf4j\slf4j-api\2.0.13\slf4j-api-2.0.13.jar;C:\Users\nigam_gy5pxr1\.m2\repository\org\springframework\spring-aspects\6.1.6\spring-aspects-6.1.6.jar;C:\Users\nigam_gy5pxr1\.m2\repository\org\springframework\boot\spring-boot-starter-web\3.2.5\spring-boot-starter-web-3.2.5.jar;C:\Users\nigam_gy5pxr1\.m2\repository\org\springframework\boot\spring-boot-starter\3.2.5\spring-boot-starter-3.2.5.jar;C:\Users\nigam_gy5pxr1\.m2\repository\org\springframework\boot\spring-boot-starter-logging\3.2.5\spring-boot-starter-logging-3.2.5.jar;C:\Users\nigam_gy5pxr1\.m2\repository\ch\qos\logback\logback-classic\1.4.14\logback-classic-1.4.14.jar;C:\Users\nigam_gy5pxr1\.m2\repository\ch\qos\logback\logback-core\1.4.14\logback-core-1.4.14.jar;C:\Users\nigam_gy5pxr1\.m2\repository\org\apache\logging\log4j\log4j-to-slf4j\2.21.1\log4j-to-slf4j-2.21.1.jar;C:\Users\nigam_gy5pxr1\.m2\repository\org\apache\logging\log4j\log4j-api\2.21.1\log4j-api-2.21.1.jar;C:\Users\nigam_gy5pxr1\.m2\repository\org\slf4j\jul-to-slf4j\2.0.13\jul-to-slf4j-2.0.13.jar;C:\Users\nigam_gy5pxr1\.m2\repository\org\yaml\snakeyaml\2.2\snakeyaml-2.2.jar;C:\Users\nigam_gy5pxr1\.m2\repository\org\springframework\boot\spring-boot-starter-json\3.2.5\spring-boot-starter-json-3.2.5.jar;C:\Users\nigam_gy5pxr1\.m2\repository\com\fasterxml\jackson\core\jackson-databind\2.15.4\jackson-databind-2.15.4.jar;C:\Users\nigam_gy5pxr1\.m2\repository\com\fasterxml\jackson\datatype\jackson-datatype-jdk8\2.15.4\jackson-datatype-jdk8-2.15.4.jar;C:\Users\nigam_gy5pxr1\.m2\repository\com\fasterxml\jackson\datatype\jackson-datatype-jsr310\2.15.4\jackson-datatype-jsr310-2.15.4.jar;C:\Users\nigam_gy5pxr1\.m2\repository\com\fasterxml\jackson\module\jackson-module-parameter-names\2.15.4\jackson-module-parameter-names-2.15.4.jar;C:\Users\nigam_gy5pxr1\.m2\repository\org\springframework\boot\spring-boot-starter-tomcat\3.2.5\spring-boot-starter-tomcat-3.2.5.jar;C:\Users\nigam_gy5pxr1\.m2\repository\org\apache\tomcat\embed\tomcat-embed-core\10.1.20\tomcat-embed-core-10.1.20.jar;C:\Users\nigam_gy5pxr1\.m2\repository\org\apache\tomcat\embed\tomcat-embed-el\10.1.20\tomcat-embed-el-10.1.20.jar;C:\Users\nigam_gy5pxr1\.m2\repository\org\apache\tomcat\embed\tomcat-embed-websocket\10.1.20\tomcat-embed-websocket-10.1.20.jar;C:\Users\nigam_gy5pxr1\.m2\repository\org\springframework\spring-web\6.1.6\spring-web-6.1.6.jar;C:\Users\nigam_gy5pxr1\.m2\repository\io\micrometer\micrometer-observation\1.12.5\micrometer-observation-1.12.5.jar;C:\Users\nigam_gy5pxr1\.m2\repository\io\micrometer\micrometer-commons\1.12.5\micrometer-commons-1.12.5.jar;C:\Users\nigam_gy5pxr1\.m2\repository\org\springframework\spring-webmvc\6.1.6\spring-webmvc-6.1.6.jar;C:\Users\nigam_gy5pxr1\.m2\repository\org\springframework\spring-expression\6.1.6\spring-expression-6.1.6.jar;C:\Users\nigam_gy5pxr1\.m2\repository\org\springframework\boot\spring-boot-devtools\3.2.5\spring-boot-devtools-3.2.5.jar;C:\Users\nigam_gy5pxr1\.m2\repository\org\springframework\boot\spring-boot\3.2.5\spring-boot-3.2.5.jar;C:\Users\nigam_gy5pxr1\.m2\repository\org\springframework\boot\spring-boot-autoconfigure\3.2.5\spring-boot-autoconfigure-3.2.5.jar;C:\Users\nigam_gy5pxr1\.m2\repository\org\postgresql\postgresql\42.6.2\postgresql-42.6.2.jar;C:\Users\nigam_gy5pxr1\.m2\repository\org\checkerframework\checker-qual\3.31.0\checker-qual-3.31.0.jar;C:\Users\nigam_gy5pxr1\.m2\repository\org\springframework\boot\spring-boot-starter-jdbc\3.2.5\spring-boot-starter-jdbc-3.2.5.jar;C:\Users\nigam_gy5pxr1\.m2\repository\com\zaxxer\HikariCP\5.0.1\HikariCP-5.0.1.jar;C:\Users\nigam_gy5pxr1\.m2\repository\org\springframework\spring-jdbc\6.1.6\spring-jdbc-6.1.6.jar;C:\Users\nigam_gy5pxr1\.m2\repository\jakarta\xml\bind\jakarta.xml.bind-api\4.0.2\jakarta.xml.bind-api-4.0.2.jar;C:\Users\nigam_gy5pxr1\.m2\repository\jakarta\activation\jakarta.activation-api\2.1.3\jakarta.activation-api-2.1.3.jar;C:\Users\nigam_gy5pxr1\.m2\repository\org\springframework\spring-core\6.1.6\spring-core-6.1.6.jar;C:\Users\nigam_gy5pxr1\.m2\repository\org\springframework\spring-jcl\6.1.6\spring-jcl-6.1.6.jar;C:\Users\nigam_gy5pxr1\.m2\repository\org\springframework\boot\spring-boot-starter-mail\3.2.5\spring-boot-starter-mail-3.2.5.jar;C:\Users\nigam_gy5pxr1\.m2\repository\org\springframework\spring-context-support\6.1.6\spring-context-support-6.1.6.jar;C:\Users\nigam_gy5pxr1\.m2\repository\org\eclipse\angus\jakarta.mail\2.0.3\jakarta.mail-2.0.3.jar;C:\Users\nigam_gy5pxr1\.m2\repository\org\eclipse\angus\angus-activation\2.0.2\angus-activation-2.0.2.jar;C:\Users\nigam_gy5pxr1\.m2\repository\com\azure\azure-storage-blob\12.25.4\azure-storage-blob-12.25.4.jar;C:\Users\nigam_gy5pxr1\.m2\repository\com\azure\azure-core\1.48.0\azure-core-1.48.0.jar;C:\Users\nigam_gy5pxr1\.m2\repository\com\azure\azure-json\1.1.0\azure-json-1.1.0.jar;C:\Users\nigam_gy5pxr1\.m2\repository\com\azure\azure-xml\1.0.0\azure-xml-1.0.0.jar;C:\Users\nigam_gy5pxr1\.m2\repository\com\fasterxml\jackson\core\jackson-annotations\2.15.4\jackson-annotations-2.15.4.jar;C:\Users\nigam_gy5pxr1\.m2\repository\com\fasterxml\jackson\core\jackson-core\2.15.4\jackson-core-2.15.4.jar;C:\Users\nigam_gy5pxr1\.m2\repository\io\projectreactor\reactor-core\3.6.5\reactor-core-3.6.5.jar;C:\Users\nigam_gy5pxr1\.m2\repository\org\reactivestreams\reactive-streams\1.0.4\reactive-streams-1.0.4.jar;C:\Users\nigam_gy5pxr1\.m2\repository\com\azure\azure-core-http-netty\1.14.2\azure-core-http-netty-1.14.2.jar;C:\Users\nigam_gy5pxr1\.m2\repository\io\netty\netty-handler\4.1.109.Final\netty-handler-4.1.109.Final.jar;C:\Users\nigam_gy5pxr1\.m2\repository\io\netty\netty-resolver\4.1.109.Final\netty-resolver-4.1.109.Final.jar;C:\Users\nigam_gy5pxr1\.m2\repository\io\netty\netty-transport\4.1.109.Final\netty-transport-4.1.109.Final.jar;C:\Users\nigam_gy5pxr1\.m2\repository\io\netty\netty-handler-proxy\4.1.109.Final\netty-handler-proxy-4.1.109.Final.jar;C:\Users\nigam_gy5pxr1\.m2\repository\io\netty\netty-codec-socks\4.1.109.Final\netty-codec-socks-4.1.109.Final.jar;C:\Users\nigam_gy5pxr1\.m2\repository\io\netty\netty-buffer\4.1.109.Final\netty-buffer-4.1.109.Final.jar;C:\Users\nigam_gy5pxr1\.m2\repository\io\netty\netty-codec\4.1.109.Final\netty-codec-4.1.109.Final.jar;C:\Users\nigam_gy5pxr1\.m2\repository\io\netty\netty-codec-http\4.1.109.Final\netty-codec-http-4.1.109.Final.jar;C:\Users\nigam_gy5pxr1\.m2\repository\io\netty\netty-codec-http2\4.1.109.Final\netty-codec-http2-4.1.109.Final.jar;C:\Users\nigam_gy5pxr1\.m2\repository\io\netty\netty-transport-native-unix-common\4.1.109.Final\netty-transport-native-unix-common-4.1.109.Final.jar;C:\Users\nigam_gy5pxr1\.m2\repository\io\netty\netty-transport-native-epoll\4.1.109.Final\netty-transport-native-epoll-4.1.109.Final-linux-x86_64.jar;C:\Users\nigam_gy5pxr1\.m2\repository\io\netty\netty-transport-classes-epoll\4.1.109.Final\netty-transport-classes-epoll-4.1.109.Final.jar;C:\Users\nigam_gy5pxr1\.m2\repository\io\netty\netty-transport-native-kqueue\4.1.109.Final\netty-transport-native-kqueue-4.1.109.Final-osx-x86_64.jar;C:\Users\nigam_gy5pxr1\.m2\repository\io\netty\netty-transport-classes-kqueue\4.1.109.Final\netty-transport-classes-kqueue-4.1.109.Final.jar;C:\Users\nigam_gy5pxr1\.m2\repository\io\netty\netty-tcnative-boringssl-static\2.0.65.Final\netty-tcnative-boringssl-static-2.0.65.Final.jar;C:\Users\nigam_gy5pxr1\.m2\repository\io\netty\netty-tcnative-classes\2.0.65.Final\netty-tcnative-classes-2.0.65.Final.jar;C:\Users\nigam_gy5pxr1\.m2\repository\io\netty\netty-tcnative-boringssl-static\2.0.65.Final\netty-tcnative-boringssl-static-2.0.65.Final-linux-x86_64.jar;C:\Users\nigam_gy5pxr1\.m2\repository\io\netty\netty-tcnative-boringssl-static\2.0.65.Final\netty-tcnative-boringssl-static-2.0.65.Final-linux-aarch_64.jar;C:\Users\nigam_gy5pxr1\.m2\repository\io\netty\netty-tcnative-boringssl-static\2.0.65.Final\netty-tcnative-boringssl-static-2.0.65.Final-osx-x86_64.jar;C:\Users\nigam_gy5pxr1\.m2\repository\io\netty\netty-tcnative-boringssl-static\2.0.65.Final\netty-tcnative-boringssl-static-2.0.65.Final-osx-aarch_64.jar;C:\Users\nigam_gy5pxr1\.m2\repository\io\netty\netty-tcnative-boringssl-static\2.0.65.Final\netty-tcnative-boringssl-static-2.0.65.Final-windows-x86_64.jar;C:\Users\nigam_gy5pxr1\.m2\repository\io\projectreactor\netty\reactor-netty-http\1.1.18\reactor-netty-http-1.1.18.jar;C:\Users\nigam_gy5pxr1\.m2\repository\io\netty\netty-resolver-dns\4.1.109.Final\netty-resolver-dns-4.1.109.Final.jar;C:\Users\nigam_gy5pxr1\.m2\repository\io\netty\netty-codec-dns\4.1.109.Final\netty-codec-dns-4.1.109.Final.jar;C:\Users\nigam_gy5pxr1\.m2\repository\io\netty\netty-resolver-dns-native-macos\4.1.109.Final\netty-resolver-dns-native-macos-4.1.109.Final-osx-x86_64.jar;C:\Users\nigam_gy5pxr1\.m2\repository\io\netty\netty-resolver-dns-classes-macos\4.1.109.Final\netty-resolver-dns-classes-macos-4.1.109.Final.jar;C:\Users\nigam_gy5pxr1\.m2\repository\io\projectreactor\netty\reactor-netty-core\1.1.18\reactor-netty-core-1.1.18.jar;C:\Users\nigam_gy5pxr1\.m2\repository\io\netty\netty-common\4.1.109.Final\netty-common-4.1.109.Final.jar;C:\Users\nigam_gy5pxr1\.m2\repository\com\azure\azure-storage-common\12.24.4\azure-storage-common-12.24.4.jar;C:\Users\nigam_gy5pxr1\.m2\repository\com\azure\azure-storage-internal-avro\12.10.4\azure-storage-internal-avro-12.10.4.jar;C:\Users\nigam_gy5pxr1\.m2\repository\com\fasterxml\jackson\dataformat\jackson-dataformat-xml\2.15.4\jackson-dataformat-xml-2.15.4.jar;C:\Users\nigam_gy5pxr1\.m2\repository\org\codehaus\woodstox\stax2-api\4.2.1\stax2-api-4.2.1.jar;C:\Users\nigam_gy5pxr1\.m2\repository\com\fasterxml\woodstox\woodstox-core\6.5.1\woodstox-core-6.5.1.jar;C:\Users\nigam_gy5pxr1\.m2\repository\org\springframework\boot\spring-boot-starter-oauth2-resource-server\3.2.5\spring-boot-starter-oauth2-resource-server-3.2.5.jar;C:\Users\nigam_gy5pxr1\.m2\repository\org\springframework\security\spring-security-config\6.2.4\spring-security-config-6.2.4.jar;C:\Users\nigam_gy5pxr1\.m2\repository\org\springframework\security\spring-security-core\6.2.4\spring-security-core-6.2.4.jar;C:\Users\nigam_gy5pxr1\.m2\repository\org\springframework\security\spring-security-crypto\6.2.4\spring-security-crypto-6.2.4.jar;C:\Users\nigam_gy5pxr1\.m2\repository\org\springframework\security\spring-security-oauth2-resource-server\6.2.4\spring-security-oauth2-resource-server-6.2.4.jar;C:\Users\nigam_gy5pxr1\.m2\repository\org\springframework\security\spring-security-oauth2-core\6.2.4\spring-security-oauth2-core-6.2.4.jar;C:\Users\nigam_gy5pxr1\.m2\repository\org\springframework\security\spring-security-oauth2-jose\6.2.4\spring-security-oauth2-jose-6.2.4.jar;C:\Users\nigam_gy5pxr1\.m2\repository\com\nimbusds\nimbus-jose-jwt\9.24.4\nimbus-jose-jwt-9.24.4.jar;C:\Users\nigam_gy5pxr1\.m2\repository\com\github\stephenc\jcip\jcip-annotations\1.0-1\jcip-annotations-1.0-1.jar;C:\Users\nigam_gy5pxr1\.m2\repository\org\springframework\boot\spring-boot-starter-security\3.2.5\spring-boot-starter-security-3.2.5.jar;C:\Users\nigam_gy5pxr1\.m2\repository\org\springframework\spring-aop\6.1.6\spring-aop-6.1.6.jar;C:\Users\nigam_gy5pxr1\.m2\repository\org\springframework\security\spring-security-web\6.2.4\spring-security-web-6.2.4.jar
Launcher Type: SUN_STANDARD

[Global flags]
     intx CICompilerCount                          = 4                                         {product} {ergonomic}
     uint ConcGCThreads                            = 2                                         {product} {ergonomic}
     uint G1ConcRefinementThreads                  = 8                                         {product} {ergonomic}
   size_t G1HeapRegionSize                         = 4194304                                   {product} {ergonomic}
   size_t InitialHeapSize                          = 335544320                                 {product} {ergonomic}
   size_t MarkStackSize                            = 4194304                                   {product} {ergonomic}
   size_t MaxHeapSize                              = 5314183168                                {product} {ergonomic}
   size_t MaxNewSize                               = 3187671040                                {product} {ergonomic}
   size_t MinHeapDeltaBytes                        = 4194304                                   {product} {ergonomic}
   size_t MinHeapSize                              = 8388608                                   {product} {ergonomic}
    uintx NonNMethodCodeHeapSize                   = 5839372                                {pd product} {ergonomic}
    uintx NonProfiledCodeHeapSize                  = 122909434                              {pd product} {ergonomic}
    uintx ProfiledCodeHeapSize                     = 122909434                              {pd product} {ergonomic}
    uintx ReservedCodeCacheSize                    = 251658240                              {pd product} {ergonomic}
     bool SegmentedCodeCache                       = true                                      {product} {ergonomic}
   size_t SoftMaxHeapSize                          = 5314183168                             {manageable} {ergonomic}
     bool UseCompressedOops                        = true                           {product lp64_product} {ergonomic}
     bool UseG1GC                                  = true                                      {product} {ergonomic}
     bool UseLargePagesIndividualAllocation        = false                                  {pd product} {ergonomic}

Logging:
Log output configuration:
 #0: stdout all=warning uptime,level,tags foldmultilines=false
 #1: stderr all=off uptime,level,tags foldmultilines=false

Environment Variables:
JAVA_HOME=C:\Program Files\Java\jre1.8.0_111
PATH=C:\WINDOWS\system32;C:\WINDOWS;C:\WINDOWS\System32\Wbem;C:\WINDOWS\System32\WindowsPowerShell\v1.0\;C:\WINDOWS\System32\OpenSSH\;C:\Program Files\Java\jdk1.8.0_202\bin;C:\Program Files\dotnet\;C:\MinGW\bin;C:\Program Files\Microsoft SQL Server\Client SDK\ODBC\170\Tools\Binn\;C:\Users\nigam_gy5pxr1\AppData\Local\Microsoft\WindowsApps;C:\Microsoft VS Code\bin;C:\Users\nigam_gy5pxr1\.dotnet\tools;C:\Program Files\JetBrains\IntelliJ IDEA Community Edition 2024.1.1\bin;
USERNAME=nigam_gy5pxr1
OS=Windows_NT
PROCESSOR_IDENTIFIER=Intel64 Family 6 Model 142 Stepping 12, GenuineIntel
TMP=C:\Users\nigam_gy5pxr1\AppData\Local\Temp
TEMP=C:\Users\nigam_gy5pxr1\AppData\Local\Temp




Periodic native trim disabled

---------------  S Y S T E M  ---------------

OS:
 Windows 10 , 64 bit Build 19041 (10.0.19041.3636)
OS uptime: 2 days 5:02 hours

CPU: total 8 (initial active 8) (4 cores per cpu, 2 threads per core) family 6 model 142 stepping 12 microcode 0xde, cx8, cmov, fxsr, ht, mmx, 3dnowpref, sse, sse2, sse3, ssse3, sse4.1, sse4.2, popcnt, lzcnt, tsc, tscinvbit, avx, avx2, aes, erms, clmul, bmi1, bmi2, adx, fma, vzeroupper, clflush, clflushopt, rdtscp, f16c
Processor Information for processor 0
  Max Mhz: 2112, Current Mhz: 1609, Mhz Limit: 1605
Processor Information for processor 1
  Max Mhz: 2112, Current Mhz: 1609, Mhz Limit: 1605
Processor Information for processor 2
  Max Mhz: 2112, Current Mhz: 1408, Mhz Limit: 1605
Processor Information for processor 3
  Max Mhz: 2112, Current Mhz: 1408, Mhz Limit: 1605
Processor Information for processor 4
  Max Mhz: 2112, Current Mhz: 1609, Mhz Limit: 1605
Processor Information for processor 5
  Max Mhz: 2112, Current Mhz: 1408, Mhz Limit: 1605
Processor Information for processor 6
  Max Mhz: 2112, Current Mhz: 1408, Mhz Limit: 1605
Processor Information for processor 7
  Max Mhz: 2112, Current Mhz: 1408, Mhz Limit: 1605

Memory: 4k page, system-wide physical 20264M (2992M free)
TotalPageFile size 20264M (AvailPageFile size 2M)
current process WorkingSet (physical memory assigned to process): 196M, peak: 196M
current process commit charge ("private bytes"): 502M, peak: 502M

vm_info: OpenJDK 64-Bit Server VM (22.0.1+8-16) for windows-amd64 JRE (22.0.1+8-16), built on 2024-03-12T10:33:16Z by "mach5one" with MS VC++ 17.6 (VS2022)

END.
